2017-02-02 19:14:19,572 [Start Help Server] INFO  org.eclipse.jetty.util.log - Logging initialized @92560ms
2017-02-02 19:14:19,798 [Start Help Server] INFO  org.eclipse.jetty.server.Server - jetty-9.2.13.v20150730
2017-02-02 19:14:19,877 [Start Help Server] INFO  o.e.j.server.handler.ContextHandler - Started o.e.j.s.ServletContextHandler@2badbd67{/help,null,AVAILABLE}
2017-02-02 19:14:19,897 [Start Help Server] INFO  o.e.jetty.server.ServerConnector - Started ServerConnector@46f57d99{HTTP/1.1}{127.0.0.1:49453}
2017-02-02 19:14:19,897 [Start Help Server] INFO  org.eclipse.jetty.server.Server - Started @92903ms
2017-02-02 19:15:08,950 [main] INFO  c.g.t.t.d.PublishedGradleVersions - Gradle version information cache file is not available. Remote download required.
2017-02-02 19:16:52,365 [Stop Help Server] INFO  o.e.jetty.server.ServerConnector - Stopped ServerConnector@46f57d99{HTTP/1.1}{127.0.0.1:0}
2017-02-02 19:16:52,405 [Stop Help Server] INFO  o.e.j.server.handler.ContextHandler - Stopped o.e.j.s.ServletContextHandler@2badbd67{/help,null,UNAVAILABLE}
2017-02-02 19:22:41,300 [main] INFO  c.g.t.t.d.PublishedGradleVersions - Gradle version information cache file is not out-of-date. No remote download required.
2017-02-04 13:41:35,397 [main] INFO  c.g.t.t.d.PublishedGradleVersions - Gradle version information cache file is out-of-date. Remote download required.
2017-02-05 10:26:45,538 [main] INFO  c.g.t.t.d.PublishedGradleVersions - Gradle version information cache file is not out-of-date. No remote download required.
2017-02-14 22:50:14,833 [main] INFO  c.n.h.c.p.n.NettyAsyncHttpProvider - Number of application's worked threads is 8
2017-02-14 22:50:15,032 [pool-6-thread-1] INFO  c.n.h.c.p.n.NettyAsyncHttpProvider - Number of application's worked threads is 8
2017-02-14 22:50:15,120 [main] ERROR o.e.r.i.r.repo.ModelRepositoryIndex - Failed to open search index.
org.apache.lucene.index.IndexNotFoundException: no segments* file found in org.apache.lucene.store.SimpleFSDirectory@F:\Algorithms\.metadata\.plugins\org.eclipse.recommenders.rcp\index lockFactory=org.apache.lucene.store.NativeFSLockFactory@11683ea: files: []
	at org.apache.lucene.index.SegmentInfos$FindSegmentsFile.run(SegmentInfos.java:712) ~[org.apache.lucene.core_3.5.0.v20120725-1805.jar:3.5.0 1204988 - simon - 2011-11-22 14:46:51]
	at org.apache.lucene.index.DirectoryReader.open(DirectoryReader.java:75) ~[org.apache.lucene.core_3.5.0.v20120725-1805.jar:3.5.0 1204988 - simon - 2011-11-22 14:46:51]
	at org.apache.lucene.index.IndexReader.open(IndexReader.java:462) ~[org.apache.lucene.core_3.5.0.v20120725-1805.jar:3.5.0 1204988 - simon - 2011-11-22 14:46:51]
	at org.apache.lucene.index.IndexReader.open(IndexReader.java:308) ~[org.apache.lucene.core_3.5.0.v20120725-1805.jar:3.5.0 1204988 - simon - 2011-11-22 14:46:51]
	at org.eclipse.recommenders.internal.rcp.repo.ModelRepositoryIndex.open(ModelRepositoryIndex.java:64) ~[org.eclipse.recommenders.rcp_1.0.5.v20130822-0858-b90.jar:na]
	at org.eclipse.recommenders.internal.rcp.wiring.RecommendersModule$ServicesInitializer.<init>(RecommendersModule.java:377) [org.eclipse.recommenders.rcp_1.0.5.v20130822-0858-b90.jar:na]
	at sun.reflect.NativeConstructorAccessorImpl.newInstance0(Native Method) [na:1.8.0_51]
	at sun.reflect.NativeConstructorAccessorImpl.newInstance(NativeConstructorAccessorImpl.java:62) [na:1.8.0_51]
	at sun.reflect.DelegatingConstructorAccessorImpl.newInstance(DelegatingConstructorAccessorImpl.java:45) [na:1.8.0_51]
	at java.lang.reflect.Constructor.newInstance(Constructor.java:422) [na:1.8.0_51]
	at com.google.inject.internal.DefaultConstructionProxyFactory$1.newInstance(DefaultConstructionProxyFactory.java:85) [com.google.inject_3.0.0.v201203062045.jar:na]
	at com.google.inject.internal.ConstructorInjector.construct(ConstructorInjector.java:85) [com.google.inject_3.0.0.v201203062045.jar:na]
	at com.google.inject.internal.ConstructorBindingImpl$Factory.get(ConstructorBindingImpl.java:254) [com.google.inject_3.0.0.v201203062045.jar:na]
	at com.google.inject.internal.ProviderToInternalFactoryAdapter$1.call(ProviderToInternalFactoryAdapter.java:46) [com.google.inject_3.0.0.v201203062045.jar:na]
	at com.google.inject.internal.InjectorImpl.callInContext(InjectorImpl.java:1031) [com.google.inject_3.0.0.v201203062045.jar:na]
	at com.google.inject.internal.ProviderToInternalFactoryAdapter.get(ProviderToInternalFactoryAdapter.java:40) [com.google.inject_3.0.0.v201203062045.jar:na]
	at com.google.inject.Scopes$1$1.get(Scopes.java:65) [com.google.inject_3.0.0.v201203062045.jar:na]
	at com.google.inject.internal.InternalFactoryToProviderAdapter.get(InternalFactoryToProviderAdapter.java:40) [com.google.inject_3.0.0.v201203062045.jar:na]
	at com.google.inject.internal.InternalInjectorCreator$1.call(InternalInjectorCreator.java:204) [com.google.inject_3.0.0.v201203062045.jar:na]
	at com.google.inject.internal.InternalInjectorCreator$1.call(InternalInjectorCreator.java:198) [com.google.inject_3.0.0.v201203062045.jar:na]
	at com.google.inject.internal.InjectorImpl.callInContext(InjectorImpl.java:1024) [com.google.inject_3.0.0.v201203062045.jar:na]
	at com.google.inject.internal.InternalInjectorCreator.loadEagerSingletons(InternalInjectorCreator.java:198) [com.google.inject_3.0.0.v201203062045.jar:na]
	at com.google.inject.internal.InternalInjectorCreator.injectDynamically(InternalInjectorCreator.java:179) [com.google.inject_3.0.0.v201203062045.jar:na]
	at com.google.inject.internal.InternalInjectorCreator.build(InternalInjectorCreator.java:109) [com.google.inject_3.0.0.v201203062045.jar:na]
	at com.google.inject.Guice.createInjector(Guice.java:95) [com.google.inject_3.0.0.v201203062045.jar:na]
	at com.google.inject.Guice.createInjector(Guice.java:72) [com.google.inject_3.0.0.v201203062045.jar:na]
	at org.eclipse.recommenders.injection.InjectionService.getInjector(InjectionService.java:47) [org.eclipse.recommenders.injection_1.0.5.v20130822-0858-b90.jar:na]
	at org.eclipse.recommenders.injection.ExtensionFactory.<init>(ExtensionFactory.java:28) [org.eclipse.recommenders.injection_1.0.5.v20130822-0858-b90.jar:na]
	at sun.reflect.NativeConstructorAccessorImpl.newInstance0(Native Method) [na:1.8.0_51]
	at sun.reflect.NativeConstructorAccessorImpl.newInstance(NativeConstructorAccessorImpl.java:62) [na:1.8.0_51]
	at sun.reflect.DelegatingConstructorAccessorImpl.newInstance(DelegatingConstructorAccessorImpl.java:45) [na:1.8.0_51]
	at java.lang.reflect.Constructor.newInstance(Constructor.java:422) [na:1.8.0_51]
	at java.lang.Class.newInstance(Class.java:442) [na:1.8.0_51]
	at org.eclipse.core.internal.registry.osgi.RegistryStrategyOSGI.createExecutableExtension(RegistryStrategyOSGI.java:184) [org.eclipse.equinox.registry_3.5.301.v20130717-1549.jar:na]
	at org.eclipse.core.internal.registry.ExtensionRegistry.createExecutableExtension(ExtensionRegistry.java:905) [org.eclipse.equinox.registry_3.5.301.v20130717-1549.jar:na]
	at org.eclipse.core.internal.registry.ConfigurationElement.createExecutableExtension(ConfigurationElement.java:243) [org.eclipse.equinox.registry_3.5.301.v20130717-1549.jar:na]
	at org.eclipse.core.internal.registry.ConfigurationElementHandle.createExecutableExtension(ConfigurationElementHandle.java:55) [org.eclipse.equinox.registry_3.5.301.v20130717-1549.jar:na]
	at org.eclipse.jdt.internal.ui.text.java.CompletionProposalComputerDescriptor.createComputer(CompletionProposalComputerDescriptor.java:308) [org.eclipse.jdt.ui_3.9.50.v20140317-1811.jar:na]
	at org.eclipse.jdt.internal.ui.text.java.CompletionProposalComputerDescriptor.getComputer(CompletionProposalComputerDescriptor.java:275) [org.eclipse.jdt.ui_3.9.50.v20140317-1811.jar:na]
	at org.eclipse.jdt.internal.ui.text.java.CompletionProposalComputerDescriptor.sessionStarted(CompletionProposalComputerDescriptor.java:418) [org.eclipse.jdt.ui_3.9.50.v20140317-1811.jar:na]
	at org.eclipse.jdt.internal.ui.text.java.CompletionProposalCategory.sessionStarted(CompletionProposalCategory.java:384) [org.eclipse.jdt.ui_3.9.50.v20140317-1811.jar:na]
	at org.eclipse.jdt.internal.ui.text.java.ContentAssistProcessor$CompletionListener.assistSessionStarted(ContentAssistProcessor.java:119) [org.eclipse.jdt.ui_3.9.50.v20140317-1811.jar:na]
	at org.eclipse.jface.text.contentassist.ContentAssistant.fireSessionBeginEvent(ContentAssistant.java:2221) [org.eclipse.jface.text_3.8.101.v20130802-1147.jar:na]
	at org.eclipse.jface.text.contentassist.ContentAssistant.prepareToShowCompletions(ContentAssistant.java:1696) [org.eclipse.jface.text_3.8.101.v20130802-1147.jar:na]
	at org.eclipse.jface.text.contentassist.ContentAssistant.showPossibleCompletions(ContentAssistant.java:1661) [org.eclipse.jface.text_3.8.101.v20130802-1147.jar:na]
	at org.eclipse.jdt.internal.ui.javaeditor.CompilationUnitEditor$AdaptedSourceViewer.doOperation(CompilationUnitEditor.java:183) [org.eclipse.jdt.ui_3.9.50.v20140317-1811.jar:na]
	at org.eclipse.ui.texteditor.ContentAssistAction$1.run(ContentAssistAction.java:82) [org.eclipse.ui.workbench.texteditor_3.8.101.v20130729-1318.jar:na]
	at org.eclipse.swt.custom.BusyIndicator.showWhile(BusyIndicator.java:70) [org.eclipse.swt.win32.win32.x86_3.102.1.v20140206-1358.jar:na]
	at org.eclipse.ui.texteditor.ContentAssistAction.run(ContentAssistAction.java:80) [org.eclipse.ui.workbench.texteditor_3.8.101.v20130729-1318.jar:na]
	at org.eclipse.jface.action.Action.runWithEvent(Action.java:499) [org.eclipse.jface_3.9.1.v20130725-1141.jar:na]
	at org.eclipse.jface.commands.ActionHandler.execute(ActionHandler.java:119) [org.eclipse.jface_3.9.1.v20130725-1141.jar:na]
	at org.eclipse.ui.internal.handlers.E4HandlerProxy.execute(E4HandlerProxy.java:90) [org.eclipse.ui.workbench_3.105.2.v20140211-1711.jar:na]
	at sun.reflect.NativeMethodAccessorImpl.invoke0(Native Method) ~[na:1.8.0_51]
	at sun.reflect.NativeMethodAccessorImpl.invoke(NativeMethodAccessorImpl.java:62) ~[na:1.8.0_51]
	at sun.reflect.DelegatingMethodAccessorImpl.invoke(DelegatingMethodAccessorImpl.java:43) ~[na:1.8.0_51]
	at java.lang.reflect.Method.invoke(Method.java:497) ~[na:1.8.0_51]
	at org.eclipse.e4.core.internal.di.MethodRequestor.execute(MethodRequestor.java:56) [org.eclipse.e4.core.di_1.3.0.v20130514-1256.jar:na]
	at org.eclipse.e4.core.internal.di.InjectorImpl.invokeUsingClass(InjectorImpl.java:243) [org.eclipse.e4.core.di_1.3.0.v20130514-1256.jar:na]
	at org.eclipse.e4.core.internal.di.InjectorImpl.invoke(InjectorImpl.java:224) [org.eclipse.e4.core.di_1.3.0.v20130514-1256.jar:na]
	at org.eclipse.e4.core.contexts.ContextInjectionFactory.invoke(ContextInjectionFactory.java:132) [org.eclipse.e4.core.contexts_1.3.1.v20130905-0905.jar:na]
	at org.eclipse.e4.core.commands.internal.HandlerServiceHandler.execute(HandlerServiceHandler.java:167) [org.eclipse.e4.core.commands_0.10.2.v20130515-1857.jar:na]
	at org.eclipse.core.commands.Command.executeWithChecks(Command.java:499) [org.eclipse.core.commands_3.6.100.v20130515-1857.jar:na]
	at org.eclipse.core.commands.ParameterizedCommand.executeWithChecks(ParameterizedCommand.java:508) [org.eclipse.core.commands_3.6.100.v20130515-1857.jar:na]
	at org.eclipse.e4.core.commands.internal.HandlerServiceImpl.executeHandler(HandlerServiceImpl.java:213) [org.eclipse.e4.core.commands_0.10.2.v20130515-1857.jar:na]
	at org.eclipse.e4.ui.bindings.keys.KeyBindingDispatcher.executeCommand(KeyBindingDispatcher.java:285) [org.eclipse.e4.ui.bindings_0.10.102.v20140117-1939.jar:na]
	at org.eclipse.e4.ui.bindings.keys.KeyBindingDispatcher.press(KeyBindingDispatcher.java:504) [org.eclipse.e4.ui.bindings_0.10.102.v20140117-1939.jar:na]
	at org.eclipse.e4.ui.bindings.keys.KeyBindingDispatcher.processKeyEvent(KeyBindingDispatcher.java:555) [org.eclipse.e4.ui.bindings_0.10.102.v20140117-1939.jar:na]
	at org.eclipse.e4.ui.bindings.keys.KeyBindingDispatcher.filterKeySequenceBindings(KeyBindingDispatcher.java:376) [org.eclipse.e4.ui.bindings_0.10.102.v20140117-1939.jar:na]
	at org.eclipse.e4.ui.bindings.keys.KeyBindingDispatcher.access$0(KeyBindingDispatcher.java:322) [org.eclipse.e4.ui.bindings_0.10.102.v20140117-1939.jar:na]
	at org.eclipse.e4.ui.bindings.keys.KeyBindingDispatcher$KeyDownFilter.handleEvent(KeyBindingDispatcher.java:84) [org.eclipse.e4.ui.bindings_0.10.102.v20140117-1939.jar:na]
	at org.eclipse.swt.widgets.EventTable.sendEvent(EventTable.java:84) [org.eclipse.swt.win32.win32.x86_3.102.1.v20140206-1358.jar:na]
	at org.eclipse.swt.widgets.Display.filterEvent(Display.java:1262) [org.eclipse.swt.win32.win32.x86_3.102.1.v20140206-1358.jar:na]
	at org.eclipse.swt.widgets.Widget.sendEvent(Widget.java:1056) [org.eclipse.swt.win32.win32.x86_3.102.1.v20140206-1358.jar:na]
	at org.eclipse.swt.widgets.Widget.sendEvent(Widget.java:1081) [org.eclipse.swt.win32.win32.x86_3.102.1.v20140206-1358.jar:na]
	at org.eclipse.swt.widgets.Widget.sendEvent(Widget.java:1066) [org.eclipse.swt.win32.win32.x86_3.102.1.v20140206-1358.jar:na]
	at org.eclipse.swt.widgets.Widget.sendKeyEvent(Widget.java:1108) [org.eclipse.swt.win32.win32.x86_3.102.1.v20140206-1358.jar:na]
	at org.eclipse.swt.widgets.Widget.sendKeyEvent(Widget.java:1104) [org.eclipse.swt.win32.win32.x86_3.102.1.v20140206-1358.jar:na]
	at org.eclipse.swt.widgets.Widget.wmChar(Widget.java:1525) [org.eclipse.swt.win32.win32.x86_3.102.1.v20140206-1358.jar:na]
	at org.eclipse.swt.widgets.Control.WM_CHAR(Control.java:4723) [org.eclipse.swt.win32.win32.x86_3.102.1.v20140206-1358.jar:na]
	at org.eclipse.swt.widgets.Canvas.WM_CHAR(Canvas.java:344) [org.eclipse.swt.win32.win32.x86_3.102.1.v20140206-1358.jar:na]
	at org.eclipse.swt.widgets.Control.windowProc(Control.java:4611) [org.eclipse.swt.win32.win32.x86_3.102.1.v20140206-1358.jar:na]
	at org.eclipse.swt.widgets.Canvas.windowProc(Canvas.java:340) [org.eclipse.swt.win32.win32.x86_3.102.1.v20140206-1358.jar:na]
	at org.eclipse.swt.widgets.Display.windowProc(Display.java:4977) [org.eclipse.swt.win32.win32.x86_3.102.1.v20140206-1358.jar:na]
	at org.eclipse.swt.internal.win32.OS.DispatchMessageW(Native Method) [org.eclipse.swt.win32.win32.x86_3.102.1.v20140206-1358.jar:na]
	at org.eclipse.swt.internal.win32.OS.DispatchMessage(OS.java:2549) [org.eclipse.swt.win32.win32.x86_3.102.1.v20140206-1358.jar:na]
	at org.eclipse.swt.widgets.Display.readAndDispatch(Display.java:3757) [org.eclipse.swt.win32.win32.x86_3.102.1.v20140206-1358.jar:na]
	at org.eclipse.e4.ui.internal.workbench.swt.PartRenderingEngine$9.run(PartRenderingEngine.java:1113) [org.eclipse.e4.ui.workbench.swt_0.12.2.v20140117-1939.jar:na]
	at org.eclipse.core.databinding.observable.Realm.runWithDefault(Realm.java:332) [org.eclipse.core.databinding.observable_1.4.1.v20130515-1857.jar:na]
	at org.eclipse.e4.ui.internal.workbench.swt.PartRenderingEngine.run(PartRenderingEngine.java:997) [org.eclipse.e4.ui.workbench.swt_0.12.2.v20140117-1939.jar:na]
	at org.eclipse.e4.ui.internal.workbench.E4Workbench.createAndRunUI(E4Workbench.java:140) [org.eclipse.e4.ui.workbench_1.0.2.v20131202-1739.jar:na]
	at org.eclipse.ui.internal.Workbench$5.run(Workbench.java:611) [org.eclipse.ui.workbench_3.105.2.v20140211-1711.jar:na]
	at org.eclipse.core.databinding.observable.Realm.runWithDefault(Realm.java:332) [org.eclipse.core.databinding.observable_1.4.1.v20130515-1857.jar:na]
	at org.eclipse.ui.internal.Workbench.createAndRunWorkbench(Workbench.java:567) [org.eclipse.ui.workbench_3.105.2.v20140211-1711.jar:na]
	at org.eclipse.ui.PlatformUI.createAndRunWorkbench(PlatformUI.java:150) [org.eclipse.ui.workbench_3.105.2.v20140211-1711.jar:na]
	at org.eclipse.ui.internal.ide.application.IDEApplication.start(IDEApplication.java:124) [org.eclipse.ui.ide.application_1.0.401.v20131105-1007.jar:na]
	at org.eclipse.equinox.internal.app.EclipseAppHandle.run(EclipseAppHandle.java:196) [org.eclipse.equinox.app_1.3.100.v20130327-1442.jar:na]
	at org.eclipse.core.runtime.internal.adaptor.EclipseAppLauncher.runApplication(EclipseAppLauncher.java:110) [org.eclipse.osgi_3.9.1.v20140110-1610.jar:na]
	at org.eclipse.core.runtime.internal.adaptor.EclipseAppLauncher.start(EclipseAppLauncher.java:79) [org.eclipse.osgi_3.9.1.v20140110-1610.jar:na]
	at org.eclipse.core.runtime.adaptor.EclipseStarter.run(EclipseStarter.java:354) [org.eclipse.osgi_3.9.1.v20140110-1610.jar:na]
	at org.eclipse.core.runtime.adaptor.EclipseStarter.run(EclipseStarter.java:181) [org.eclipse.osgi_3.9.1.v20140110-1610.jar:na]
	at sun.reflect.NativeMethodAccessorImpl.invoke0(Native Method) ~[na:1.8.0_51]
	at sun.reflect.NativeMethodAccessorImpl.invoke(NativeMethodAccessorImpl.java:62) ~[na:1.8.0_51]
	at sun.reflect.DelegatingMethodAccessorImpl.invoke(DelegatingMethodAccessorImpl.java:43) ~[na:1.8.0_51]
	at java.lang.reflect.Method.invoke(Method.java:497) ~[na:1.8.0_51]
	at org.eclipse.equinox.launcher.Main.invokeFramework(Main.java:636) [org.eclipse.equinox.launcher_1.3.0.v20130327-1440.jar:na]
	at org.eclipse.equinox.launcher.Main.basicRun(Main.java:591) [org.eclipse.equinox.launcher_1.3.0.v20130327-1440.jar:na]
	at org.eclipse.equinox.launcher.Main.run(Main.java:1450) [org.eclipse.equinox.launcher_1.3.0.v20130327-1440.jar:na]
	at org.eclipse.equinox.launcher.Main.main(Main.java:1426) [org.eclipse.equinox.launcher_1.3.0.v20130327-1440.jar:na]
2017-02-14 22:50:16,047 [pool-8-thread-1] INFO  c.n.h.c.p.n.NettyAsyncHttpProvider - Number of application's worked threads is 8
2017-02-14 23:08:26,632 [pool-10-thread-1] INFO  c.n.h.c.p.n.NettyAsyncHttpProvider - Number of application's worked threads is 8
2017-02-14 23:08:27,892 [pool-12-thread-1] INFO  c.n.h.c.p.n.NettyAsyncHttpProvider - Number of application's worked threads is 8
2017-02-14 23:08:28,781 [pool-14-thread-1] INFO  c.n.h.c.p.n.NettyAsyncHttpProvider - Number of application's worked threads is 8
<<<<<<< HEAD
<<<<<<< HEAD
2017-02-25 10:36:58,903 [main] INFO  c.n.h.c.p.n.NettyAsyncHttpProvider - Number of application's worked threads is 8
2017-02-25 11:13:40,429 [pool-6-thread-1] INFO  c.n.h.c.p.n.NettyAsyncHttpProvider - Number of application's worked threads is 8
2017-02-25 16:30:00,950 [main] INFO  c.n.h.c.p.n.NettyAsyncHttpProvider - Number of application's worked threads is 8
2017-02-26 19:20:20,298 [main] INFO  c.n.h.c.p.n.NettyAsyncHttpProvider - Number of application's worked threads is 8
=======
>>>>>>> 68c1130ac0073b0f795a7a6cc7d398075f0da7d2
=======
>>>>>>> 68c1130ac0073b0f795a7a6cc7d398075f0da7d2
